
 This log file is showing working on the merge and mr calculations with 20002_1067 file 
Error: nrow(merge(outcome2, lpa[, c("chr", "pos", "a1", "a2")])) !=  .... is not TRUE
     variantID            snp        chr.pos chr       pos a1 a2              beta                se
30 exm592531_t chr6:160543317 chr6:160543317   6 160543317  T  C  66.7211342631354  12.4221484153248
36 exm592757_a chr6:160831796 chr6:160831796   6 160831796  A  G  57.8129565880658   3.9109997876734
38 exm592843_g chr6:160953642 chr6:160953642   6 160953642  G  A -12.4326051378519 0.866623458453147
40 exm592868_a chr6:160966559 chr6:160966559   6 160966559  A  G  -8.6203884564242  3.71966690189274
44 exm592913_a chr6:160998199 chr6:160998199   6 160998199  A  G -12.7924856530873  4.13637118166807
52 exm593016_t chr6:161022107 chr6:161022107   6 161022107  T  C -12.7543119851168  1.20024381873971
Classes ‘data.table’ and 'data.frame':	34 obs. of  10 variables:
 $ variant         : chr  "6:160953642:A:G" "6:160998199:G:A" "6:161022107:C:T" "6:161189071:G:A" ...
 $ rsid            : chr  "rs41267809" "rs41267813" "rs41259144" "rs11753588" ...
 $ nCompleteSamples: int  337159 337159 337159 337159 337159 337159 337159 337159 337159 337159 ...
 $ AC              : num  13930 1461 7256 77030 16387 ...
 $ ytx             : num  24 1.2 8 133.6 28.3 ...
 $ beta            : num  -0.000125 -0.001227 -0.000725 -0.00014 -0.00012 ...
 $ se              : num  0.000367 0.00124 0.000507 0.000166 0.000341 ...
 $ tstat           : num  -0.34 -0.989 -1.432 -0.842 -0.35 ...
 $ pval            : num  0.734 0.322 0.152 0.4 0.726 ...
 $ duplicate       : num  0 0 0 0 0 0 0 0 0 0 ...
 - attr(*, ".internal.selfref")=<externalptr> 
Classes ‘data.table’ and 'data.frame':	34 obs. of  14 variables:
 $ variant         : chr  "6:160953642:A:G" "6:160998199:G:A" "6:161022107:C:T" "6:161189071:G:A" ...
 $ rsid            : chr  "rs41267809" "rs41267813" "rs41259144" "rs11753588" ...
 $ nCompleteSamples: int  337159 337159 337159 337159 337159 337159 337159 337159 337159 337159 ...
 $ AC              : num  13930 1461 7256 77030 16387 ...
 $ ytx             : num  24 1.2 8 133.6 28.3 ...
 $ beta            : num  -0.000125 -0.001227 -0.000725 -0.00014 -0.00012 ...
 $ se              : num  0.000367 0.00124 0.000507 0.000166 0.000341 ...
 $ tstat           : num  -0.34 -0.989 -1.432 -0.842 -0.35 ...
 $ pval            : num  0.734 0.322 0.152 0.4 0.726 ...
 $ duplicate       : num  0 0 0 0 0 0 0 0 0 0 ...
 $ chr             : chr  "6" "6" "6" "6" ...
 $ pos             : chr  "160953642" "160998199" "161022107" "161189071" ...
 $ a2              : chr  "A" "G" "C" "G" ...
 $ a1              : chr  "G" "A" "T" "A" ...
 - attr(*, ".internal.selfref")=<externalptr> 
    chr       pos A1 A2         Beta          SE         variantID            snp        chr.pos a1 a2              beta                se
 1:   6 160720804  C  G -6.29126e-04 0.000809812 seq_rs183815886_c chr6:160720804 chr6:160720804  C  G  18.9689262274161  2.50710184918448
 2:   6 160825930  T  A  8.95098e-06 0.000310065 seq_rs143365644_t chr6:160825930 chr6:160825930  T  A -3.76603883112331 0.685326358808503
 3:   6 160847571  A  G  7.74113e-05 0.000335472 seq_rs117446263_a chr6:160847571 chr6:160847571  A  G  19.6085135772232 0.835219519779822
 4:   6 160890350  T  A -9.72253e-05 0.000158102       rs6916433_t chr6:160890350 chr6:160890350  T  A -4.05618654586266 0.363682289859418
 5:   6 160891897  A  C -4.39155e-04 0.000523522 seq_rs182443492_a chr6:160891897 chr6:160891897  A  C  36.3497754457247  1.35300484373747
 6:   6 160909667  A  T -2.75092e-04 0.000611407 seq_rs141834709_a chr6:160909667 chr6:160909667  A  T  22.0308552901395  1.31185582753778
 7:   6 160942926  A  G -1.89247e-04 0.000235329 seq_rs142126734_a chr6:160942926 chr6:160942926  A  G  4.92215513858858 0.577366163425847
 8:   6 160953137  C  T -2.54508e-04 0.000407906      rs41266379_c chr6:160953137 chr6:160953137  C  T  8.53416680393088 0.884400001527074
 9:   6 160953642  G  A -1.24697e-04 0.000367079       exm592843_g chr6:160953642 chr6:160953642  G  A -12.4326051378519 0.866623458453147
10:   6 160954800  T  C  1.46044e-04 0.000578930 seq_rs143461353_t chr6:160954800 chr6:160954800  T  C  8.25987920124371  1.41726054185073
11:   6 160997118  T  A  2.92857e-04 0.000191778      rs74617384_t chr6:160997118 chr6:160997118  T  A  46.2185772552198 0.403126463436428
12:   6 160998199  A  G -1.22659e-03 0.001239640       exm592913_a chr6:160998199 chr6:160998199  A  G -12.7924856530873  4.13637118166807
13:   6 161012805  C  T -1.32062e-04 0.000110310   seq_rs9456551_c chr6:161012805 chr6:161012805  C  T -5.90225288620077 0.259150372619178
14:   6 161013013  C  T  9.80028e-04 0.000428573 seq_rs140570886_c chr6:161013013 chr6:161013013  C  T  71.6158004357693  1.14141604063541
15:   6 161017363  A  G -1.62610e-04 0.000291642      rs73596816_a chr6:161017363 chr6:161017363  A  G  22.0769750883295 0.685489069178105
16:   6 161022107  T  C -7.25309e-04 0.000506642       exm593016_t chr6:161022107 chr6:161022107  T  C -12.7543119851168  1.20024381873971
17:   6 161070653  A  C -7.03450e-04 0.000320871      rs41269876_a chr6:161070653 chr6:161070653  A  C -10.4998787466319  0.74460406850591
18:   6 161078894  C  T  7.61644e-04 0.000601925      rs79246098_c chr6:161078894 chr6:161078894  C  T 0.881685794826935  1.25920515982802
19:   6 161087652  G  T  1.06055e-04 0.000510105      rs77337569_g chr6:161087652 chr6:161087652  G  T   -2.208611278092  1.10086456541197
20:   6 161088956  A  G -6.29024e-04 0.000481819      rs75274517_a chr6:161088956 chr6:161088956  A  G  1.39473456396968  1.24835216326831
21:   6 161089307  T  C  2.18030e-05 0.000141122      rs56393506_t chr6:161089307 chr6:161089307  T  C  27.8681877749948  0.29571312172746
22:   6 161135746  G  T -7.76557e-04 0.000504934 seq_rs139389770_g chr6:161135746 chr6:161135746  G  T  5.46493110766427   1.2025632859872
23:   6 161137990  A  G  5.35743e-06 0.000105181        rs783147_a chr6:161137990 chr6:161137990  A  G -7.33412229978899 0.247857717355374
24:   6 161159366  G  T -4.65894e-04 0.000564461       rs4252152_g chr6:161159366 chr6:161159366  G  T  8.49792004653925  1.12774921879208
25:   6 161162290  G  A -1.19597e-04 0.000341395       rs1835346_g chr6:161162290 chr6:161162290  G  A  10.4190768724136 0.833663402213509
26:   6 161162406  C  T -1.07743e-04 0.000193227       rs4252170_c chr6:161162406 chr6:161162406  C  T  4.18469706125762 0.457954734620949
27:   6 161177443  T  C  8.07615e-05 0.000288746 seq_rs117534432_t chr6:161177443 chr6:161177443  T  C  2.57314505002784 0.671460735709842
28:   6 161189071  A  G -1.40112e-04 0.000166463      rs11753588_a chr6:161189071 chr6:161189071  A  G -5.91792893835113 0.398596136785047
29:   6 161214526  A  G -1.07063e-03 0.001052390 seq_rs186418835_a chr6:161214526 chr6:161214526  A  G  3.00833829123796  2.16981420956873
30:   6 161250301  G  A -6.81020e-04 0.000762779 seq_rs140606700_g chr6:161250301 chr6:161250301  G  A  7.30832684512405  1.52703569590229
31:   6 161251940  G  A  1.34224e-04 0.000507555 seq_rs138491411_g chr6:161251940 chr6:161251940  G  A  7.20177430695457  1.18058297559398
32:   6 161257953  T  C  1.25673e-03 0.000407122      rs34371670_t chr6:161257953 chr6:161257953  T  C -10.9548672529025 0.976815710291315
33:   6 161285760  G  A -3.11746e-05 0.000104655       rs4709474_g chr6:161285760 chr6:161285760  G  A  4.94338837625671 0.247888919032071
34:   6 161292838  C  A -5.63409e-04 0.000803500 seq_rs145099029_c chr6:161292838 chr6:161292838  C  A  21.7691021848519  2.19907565804666
    chr       pos A1 A2         Beta          SE         variantID            snp        chr.pos a1 a2              beta                se
[1] TRUE
[1] FALSE
    chr       pos A1 A2         Beta          SE         variantID            snp        chr.pos a1 a2              beta                se
 1:   6 160720804  C  G -6.29126e-04 0.000809812 seq_rs183815886_c chr6:160720804 chr6:160720804  C  G  18.9689262274161  2.50710184918448
 2:   6 160825930  T  A  8.95098e-06 0.000310065 seq_rs143365644_t chr6:160825930 chr6:160825930  T  A -3.76603883112331 0.685326358808503
 3:   6 160847571  A  G  7.74113e-05 0.000335472 seq_rs117446263_a chr6:160847571 chr6:160847571  A  G  19.6085135772232 0.835219519779822
 4:   6 160890350  T  A -9.72253e-05 0.000158102       rs6916433_t chr6:160890350 chr6:160890350  T  A -4.05618654586266 0.363682289859418
 5:   6 160891897  A  C -4.39155e-04 0.000523522 seq_rs182443492_a chr6:160891897 chr6:160891897  A  C  36.3497754457247  1.35300484373747
 6:   6 160909667  A  T -2.75092e-04 0.000611407 seq_rs141834709_a chr6:160909667 chr6:160909667  A  T  22.0308552901395  1.31185582753778
 7:   6 160942926  A  G -1.89247e-04 0.000235329 seq_rs142126734_a chr6:160942926 chr6:160942926  A  G  4.92215513858858 0.577366163425847
 8:   6 160953137  C  T -2.54508e-04 0.000407906      rs41266379_c chr6:160953137 chr6:160953137  C  T  8.53416680393088 0.884400001527074
 9:   6 160953642  G  A -1.24697e-04 0.000367079       exm592843_g chr6:160953642 chr6:160953642  G  A -12.4326051378519 0.866623458453147
10:   6 160954800  T  C  1.46044e-04 0.000578930 seq_rs143461353_t chr6:160954800 chr6:160954800  T  C  8.25987920124371  1.41726054185073
11:   6 160997118  T  A  2.92857e-04 0.000191778      rs74617384_t chr6:160997118 chr6:160997118  T  A  46.2185772552198 0.403126463436428
12:   6 160998199  A  G -1.22659e-03 0.001239640       exm592913_a chr6:160998199 chr6:160998199  A  G -12.7924856530873  4.13637118166807
13:   6 161012805  C  T -1.32062e-04 0.000110310   seq_rs9456551_c chr6:161012805 chr6:161012805  C  T -5.90225288620077 0.259150372619178
14:   6 161013013  C  T  9.80028e-04 0.000428573 seq_rs140570886_c chr6:161013013 chr6:161013013  C  T  71.6158004357693  1.14141604063541
15:   6 161017363  A  G -1.62610e-04 0.000291642      rs73596816_a chr6:161017363 chr6:161017363  A  G  22.0769750883295 0.685489069178105
16:   6 161022107  T  C -7.25309e-04 0.000506642       exm593016_t chr6:161022107 chr6:161022107  T  C -12.7543119851168  1.20024381873971
17:   6 161070653  A  C -7.03450e-04 0.000320871      rs41269876_a chr6:161070653 chr6:161070653  A  C -10.4998787466319  0.74460406850591
18:   6 161078894  C  T  7.61644e-04 0.000601925      rs79246098_c chr6:161078894 chr6:161078894  C  T 0.881685794826935  1.25920515982802
19:   6 161087652  G  T  1.06055e-04 0.000510105      rs77337569_g chr6:161087652 chr6:161087652  G  T   -2.208611278092  1.10086456541197
20:   6 161088956  A  G -6.29024e-04 0.000481819      rs75274517_a chr6:161088956 chr6:161088956  A  G  1.39473456396968  1.24835216326831
21:   6 161089307  T  C  2.18030e-05 0.000141122      rs56393506_t chr6:161089307 chr6:161089307  T  C  27.8681877749948  0.29571312172746
22:   6 161135746  G  T -7.76557e-04 0.000504934 seq_rs139389770_g chr6:161135746 chr6:161135746  G  T  5.46493110766427   1.2025632859872
23:   6 161137990  A  G  5.35743e-06 0.000105181        rs783147_a chr6:161137990 chr6:161137990  A  G -7.33412229978899 0.247857717355374
24:   6 161159366  G  T -4.65894e-04 0.000564461       rs4252152_g chr6:161159366 chr6:161159366  G  T  8.49792004653925  1.12774921879208
25:   6 161162290  G  A -1.19597e-04 0.000341395       rs1835346_g chr6:161162290 chr6:161162290  G  A  10.4190768724136 0.833663402213509
26:   6 161162406  C  T -1.07743e-04 0.000193227       rs4252170_c chr6:161162406 chr6:161162406  C  T  4.18469706125762 0.457954734620949
27:   6 161177443  T  C  8.07615e-05 0.000288746 seq_rs117534432_t chr6:161177443 chr6:161177443  T  C  2.57314505002784 0.671460735709842
28:   6 161189071  A  G -1.40112e-04 0.000166463      rs11753588_a chr6:161189071 chr6:161189071  A  G -5.91792893835113 0.398596136785047
29:   6 161214526  A  G -1.07063e-03 0.001052390 seq_rs186418835_a chr6:161214526 chr6:161214526  A  G  3.00833829123796  2.16981420956873
30:   6 161250301  G  A -6.81020e-04 0.000762779 seq_rs140606700_g chr6:161250301 chr6:161250301  G  A  7.30832684512405  1.52703569590229
31:   6 161251940  G  A  1.34224e-04 0.000507555 seq_rs138491411_g chr6:161251940 chr6:161251940  G  A  7.20177430695457  1.18058297559398
32:   6 161257953  T  C  1.25673e-03 0.000407122      rs34371670_t chr6:161257953 chr6:161257953  T  C -10.9548672529025 0.976815710291315
33:   6 161285760  G  A -3.11746e-05 0.000104655       rs4709474_g chr6:161285760 chr6:161285760  G  A  4.94338837625671 0.247888919032071
34:   6 161292838  C  A -5.63409e-04 0.000803500 seq_rs145099029_c chr6:161292838 chr6:161292838  C  A  21.7691021848519  2.19907565804666
    chr       pos A1 A2         Beta          SE         variantID            snp        chr.pos a1 a2              beta                se
                  seq_rs183815886_c seq_rs143365644_t seq_rs117446263_a  rs6916433_t seq_rs182443492_a seq_rs141834709_a seq_rs142126734_a rs41266379_c
seq_rs183815886_c      1.0000000000     -0.0123489545      -0.003592869 -0.016860399      -0.004455264     -0.0076431115      -0.010082833 -0.009294651
seq_rs143365644_t     -0.0123489545      1.0000000000      -0.025677206  0.458351359      -0.019381360     -0.0199923433      -0.045944903 -0.025810258
seq_rs117446263_a     -0.0035928695     -0.0256772057       1.000000000 -0.055958282      -0.020516089     -0.0125654993      -0.033104517 -0.014151606
rs6916433_t           -0.0168603989      0.4583513587      -0.055958282  1.000000000      -0.039610995      0.0607920707      -0.089891331 -0.055540186
seq_rs182443492_a     -0.0044552641     -0.0193813602      -0.020516089 -0.039610995       1.000000000     -0.0070680322      -0.022541528 -0.011419796
seq_rs141834709_a     -0.0076431115     -0.0199923433      -0.012565499  0.060792071      -0.007068032      1.0000000000      -0.026238245 -0.014377210
seq_rs142126734_a     -0.0100828328     -0.0459449030      -0.033104517 -0.089891331      -0.022541528     -0.0262382453       1.000000000 -0.029372924
rs41266379_c          -0.0092946507     -0.0258102579      -0.014151606 -0.055540186      -0.011419796     -0.0143772102      -0.029372924  1.000000000
exm592843_g           -0.0038690386     -0.0189422482      -0.023606458 -0.057695873      -0.018162672     -0.0147958726      -0.024750743 -0.027717757
seq_rs143461353_t     -0.0095424469     -0.0148104897      -0.007352009 -0.029946640      -0.015669552     -0.0027242475      -0.019113141 -0.018030821
rs74617384_t          -0.0156191115     -0.0457053999       0.323219993 -0.108677077      -0.021658266     -0.0217616626      -0.056075231  0.015498018
exm592913_a           -0.0032826099     -0.0060903200      -0.009254850 -0.014011799      -0.005891287     -0.0022205271      -0.005363861 -0.006093518
seq_rs9456551_c       -0.0241237630     -0.1106176102      -0.090702715 -0.190398724       0.096368100     -0.0580079983      -0.140915388  0.142912875
seq_rs140570886_c     -0.0024627582     -0.0151350393      -0.016684748 -0.038980263      -0.002839802     -0.0141977741      -0.029426549 -0.005563216
rs73596816_a          -0.0028647154      0.0618307405      -0.031088532  0.248565540      -0.014106691      0.2483980151      -0.024046945 -0.024836682
exm593016_t           -0.0065128684     -0.0111012477       0.001372240 -0.015743337      -0.005814683     -0.0099153132      -0.016447940 -0.006888338
rs41269876_a          -0.0083111316     -0.0245087788      -0.013355631 -0.069131976      -0.016682859     -0.0176213941      -0.036276445 -0.022069114
rs79246098_c          -0.0031841384     -0.0173510557      -0.017058936 -0.030920169      -0.011791869     -0.0066865367      -0.016199809 -0.012651218
rs77337569_g          -0.0098991820     -0.0239344424      -0.010546229 -0.020551840      -0.009778363     -0.0125762716      -0.023062647 -0.017515996
rs75274517_a          -0.0030577651     -0.0195885381      -0.007288653 -0.035942433      -0.007571609     -0.0103273964      -0.022040953 -0.015954322
rs56393506_t          -0.0168211901      0.0796992213       0.185777902  0.298408289      -0.034653921      0.1670060051      -0.084436479 -0.024411709
seq_rs139389770_g     -0.0085899815      0.2163394519      -0.011093990  0.125825516      -0.011841317     -0.0132318443      -0.016772151 -0.014052621
rs783147_a            -0.0270621402      0.0561987700      -0.067491323  0.120419331      -0.046127577     -0.0261962778      -0.044718112  0.113098256
rs4252152_g            0.2381845817     -0.0164223240      -0.008573634  0.003324323      -0.009120119     -0.0075840344      -0.008710579 -0.015857869
rs1835346_g            0.0039514718     -0.0144778210      -0.021365649 -0.033736508       0.361259519     -0.0091429429      -0.032484667 -0.019196556
rs4252170_c           -0.0080077440     -0.0040272248      -0.018936513  0.104459690      -0.012893716     -0.0168206161      -0.057358589  0.050489343
seq_rs117534432_t     -0.0085734797     -0.0158585804      -0.024789699  0.080995814      -0.005205013      0.0526544788       0.133749896  0.020209727
rs11753588_a          -0.0095820737     -0.0292506196      -0.031251346 -0.003211331      -0.013537357     -0.0200334156      -0.024361912 -0.041224643
seq_rs186418835_a     -0.0001862272     -0.0005387744      -0.012514688  0.123969968      -0.004934086     -0.0003695432      -0.013363030 -0.011365537
seq_rs140606700_g      0.0096464235     -0.0173561477      -0.015581733 -0.024575812      -0.004635564      0.0021616720      -0.013396810  0.357227209
seq_rs138491411_g     -0.0006732871      0.0979879438      -0.013662633  0.059464191      -0.009632889     -0.0088928271      -0.007665092  0.004021746
rs34371670_t          -0.0018558190     -0.0240787333      -0.016093060 -0.043036264      -0.018376886     -0.0086555027      -0.020956986 -0.017897916
rs4709474_g           -0.0281124567     -0.0798325509       0.063870470 -0.120744084       0.046065780      0.0095667573      -0.121044281 -0.097895994
seq_rs145099029_c      0.3869090755     -0.0120401438      -0.005515109 -0.022181831      -0.007091643     -0.0079000011      -0.010133018 -0.009983473
                   exm592843_g seq_rs143461353_t rs74617384_t  exm592913_a seq_rs9456551_c seq_rs140570886_c  rs73596816_a  exm593016_t rs41269876_a
seq_rs183815886_c -0.003869039      -0.009542447 -0.015619111 -0.003282610     -0.02412376      -0.002462758 -0.0028647154 -0.006512868 -0.008311132
seq_rs143365644_t -0.018942248      -0.014810490 -0.045705400 -0.006090320     -0.11061761      -0.015135039  0.0618307405 -0.011101248 -0.024508779
seq_rs117446263_a -0.023606458      -0.007352009  0.323219993 -0.009254850     -0.09070271      -0.016684748 -0.0310885320  0.001372240 -0.013355631
rs6916433_t       -0.057695873      -0.029946640 -0.108677077 -0.014011799     -0.19039872      -0.038980263  0.2485655404 -0.015743337 -0.069131976
seq_rs182443492_a -0.018162672      -0.015669552 -0.021658266 -0.005891287      0.09636810      -0.002839802 -0.0141066906 -0.005814683 -0.016682859
seq_rs141834709_a -0.014795873      -0.002724247 -0.021761663 -0.002220527     -0.05800800      -0.014197774  0.2483980151 -0.009915313 -0.017621394
seq_rs142126734_a -0.024750743      -0.019113141 -0.056075231 -0.005363861     -0.14091539      -0.029426549 -0.0240469453 -0.016447940 -0.036276445
rs41266379_c      -0.027717757      -0.018030821  0.015498018 -0.006093518      0.14291288      -0.005563216 -0.0248366824 -0.006888338 -0.022069114
exm592843_g        1.000000000      -0.013383386 -0.046436083 -0.001433097      0.17255322      -0.014048864 -0.0264463710 -0.012126363 -0.025622228
seq_rs143461353_t -0.013383386       1.000000000 -0.025368572 -0.001662693      0.09383810      -0.008881887 -0.0145347795 -0.008181675 -0.012514457
rs74617384_t      -0.046436083      -0.025368572  1.000000000  0.105502486     -0.20031994      -0.025924131 -0.0525326357 -0.006287542 -0.050158571
exm592913_a       -0.001433097      -0.001662693  0.105502486  1.000000000     -0.02066375       0.003841006 -0.0099606181 -0.003111717 -0.006561960
seq_rs9456551_c    0.172553225       0.093838101 -0.200319936 -0.020663746      1.00000000      -0.074736335 -0.1376913071  0.120719849  0.235861343
seq_rs140570886_c -0.014048864      -0.008881887 -0.025924131  0.003841006     -0.07473633       1.000000000 -0.0195227316 -0.015626138 -0.015863961
rs73596816_a      -0.026446371      -0.014534780 -0.052532636 -0.009960618     -0.13769131      -0.019522732  1.0000000000 -0.019388099 -0.029589121
exm593016_t       -0.012126363      -0.008181675 -0.006287542 -0.003111717      0.12071985      -0.015626138 -0.0193880991  1.000000000 -0.019314194
rs41269876_a      -0.025622228      -0.012514457 -0.050158571 -0.006561960      0.23586134      -0.015863961 -0.0295891213 -0.019314194  1.000000000
rs79246098_c      -0.012425880      -0.011678604 -0.034293887 -0.002471585      0.12980924      -0.009094086 -0.0203267530 -0.008328630 -0.013774273
rs77337569_g      -0.008174874       0.023551300 -0.029110184 -0.003986037     -0.08836882      -0.017245162 -0.0174643961 -0.013400659 -0.017603584
rs75274517_a      -0.017226611      -0.006051603 -0.025149459  0.001505085     -0.07280288      -0.016980354 -0.0158639199 -0.006896847 -0.015557027
rs56393506_t      -0.066923205      -0.035356473  0.600129997  0.061629954     -0.31096649      -0.046992366  0.4046771756 -0.032534104 -0.073252472
seq_rs139389770_g -0.005992715      -0.010433674  0.064953034 -0.006676803     -0.06368691      -0.009799230 -0.0136425213 -0.012344554 -0.013254951
rs783147_a        -0.006721196      -0.040938940 -0.099055297 -0.020188793     -0.10283159      -0.069518377 -0.0006304815  0.067946616  0.113152521
rs4252152_g       -0.009191927      -0.010079404 -0.034107143 -0.004124696      0.02145447      -0.010781806 -0.0054519905 -0.005922283 -0.019733404
rs1835346_g       -0.010523146      -0.015656647 -0.027958771 -0.006866448      0.16132883      -0.011425372 -0.0218345679  0.055448054 -0.024467456
rs4252170_c       -0.039662714      -0.025842593  0.087817712 -0.003806697      0.08143073      -0.026591802  0.0291977215  0.014397796  0.393279296
seq_rs117534432_t -0.023934828       0.036042305 -0.017552405 -0.008144619     -0.08378787      -0.022494416  0.0668058776 -0.016753601 -0.026466728
rs11753588_a       0.116696183      -0.024838553 -0.074169357 -0.001247001      0.18329737      -0.026923257 -0.0507570925 -0.029374938 -0.065343705
seq_rs186418835_a -0.009118969       0.001079213 -0.013469293  0.001268029     -0.03564644      -0.003244605  0.2139405745 -0.006078599 -0.007081143
seq_rs140606700_g -0.011674712      -0.012967543 -0.018504331 -0.005043795      0.09433064      -0.008643632 -0.0089852904 -0.005115111 -0.010405669
seq_rs138491411_g -0.016533771      -0.011933635 -0.025941182 -0.003543297     -0.02346994      -0.011668091  0.1204495613 -0.008701154 -0.015667686
rs34371670_t      -0.009270861      -0.018266375 -0.026232962 -0.001958070      0.13978925      -0.013217153 -0.0168386644 -0.008510375 -0.014572524
rs4709474_g       -0.005638909       0.035274539  0.078217428  0.024439039      0.11473191       0.076609693 -0.0009919204 -0.054651589  0.019428305
seq_rs145099029_c -0.011300573      -0.002666328 -0.018455872 -0.003912414     -0.03952727      -0.002294184 -0.0124946002 -0.005541573  0.001836618
                   rs79246098_c rs77337569_g  rs75274517_a rs56393506_t seq_rs139389770_g    rs783147_a  rs4252152_g  rs1835346_g  rs4252170_c seq_rs117534432_t
seq_rs183815886_c -0.0031841384 -0.009899182 -0.0030577651  -0.01682119      -0.008589981 -0.0270621402  0.238184582  0.003951472 -0.008007744      -0.008573480
seq_rs143365644_t -0.0173510557 -0.023934442 -0.0195885381   0.07969922       0.216339452  0.0561987700 -0.016422324 -0.014477821 -0.004027225      -0.015858580
seq_rs117446263_a -0.0170589357 -0.010546229 -0.0072886535   0.18577790      -0.011093990 -0.0674913231 -0.008573634 -0.021365649 -0.018936513      -0.024789699
rs6916433_t       -0.0309201692 -0.020551840 -0.0359424325   0.29840829       0.125825516  0.1204193307  0.003324323 -0.033736508  0.104459690       0.080995814
seq_rs182443492_a -0.0117918692 -0.009778363 -0.0075716088  -0.03465392      -0.011841317 -0.0461275766 -0.009120119  0.361259519 -0.012893716      -0.005205013
seq_rs141834709_a -0.0066865367 -0.012576272 -0.0103273964   0.16700601      -0.013231844 -0.0261962778 -0.007584034 -0.009142943 -0.016820616       0.052654479
seq_rs142126734_a -0.0161998085 -0.023062647 -0.0220409528  -0.08443648      -0.016772151 -0.0447181121 -0.008710579 -0.032484667 -0.057358589       0.133749896
rs41266379_c      -0.0126512178 -0.017515996 -0.0159543220  -0.02441171      -0.014052621  0.1130982561 -0.015857869 -0.019196556  0.050489343       0.020209727
exm592843_g       -0.0124258803 -0.008174874 -0.0172266111  -0.06692320      -0.005992715 -0.0067211957 -0.009191927 -0.010523146 -0.039662714      -0.023934828
seq_rs143461353_t -0.0116786037  0.023551300 -0.0060516034  -0.03535647      -0.010433674 -0.0409389399 -0.010079404 -0.015656647 -0.025842593       0.036042305
rs74617384_t      -0.0342938872 -0.029110184 -0.0251494594   0.60013000       0.064953034 -0.0990552974 -0.034107143 -0.027958771  0.087817712      -0.017552405
exm592913_a       -0.0024715852 -0.003986037  0.0015050849   0.06162995      -0.006676803 -0.0201887928 -0.004124696 -0.006866448 -0.003806697      -0.008144619
seq_rs9456551_c    0.1298092435 -0.088368815 -0.0728028840  -0.31096649      -0.063686908 -0.1028315877  0.021454474  0.161328826  0.081430730      -0.083787875
seq_rs140570886_c -0.0090940861 -0.017245162 -0.0169803541  -0.04699237      -0.009799230 -0.0695183770 -0.010781806 -0.011425372 -0.026591802      -0.022494416
rs73596816_a      -0.0203267530 -0.017464396 -0.0158639199   0.40467718      -0.013642521 -0.0006304815 -0.005451990 -0.021834568  0.029197722       0.066805878
exm593016_t       -0.0083286298 -0.013400659 -0.0068968472  -0.03253410      -0.012344554  0.0679466159 -0.005922283  0.055448054  0.014397796      -0.016753601
rs41269876_a      -0.0137742734 -0.017603584 -0.0155570274  -0.07325247      -0.013254951  0.1131525206 -0.019733404 -0.024467456  0.393279296      -0.026466728
rs79246098_c       1.0000000000 -0.012265679 -0.0034958822  -0.04622461       0.001427058 -0.0577367338 -0.007470883 -0.019661401 -0.026852806      -0.004866329
rs77337569_g      -0.0122656790  1.000000000 -0.0076394477  -0.04413650      -0.011981069 -0.0940629698 -0.019627253 -0.014672985 -0.031719611      -0.011255900
rs75274517_a      -0.0034958822 -0.007639448  1.0000000000   0.21935968       0.008874778 -0.0664677494 -0.007188833 -0.016826871 -0.014110540      -0.015613153
rs56393506_t      -0.0462246066 -0.044136501  0.2193596815   1.00000000       0.185233672 -0.0900843822 -0.041615929 -0.043967173  0.123128162       0.072665169
seq_rs139389770_g  0.0014270582 -0.011981069  0.0088747780   0.18523367       1.000000000 -0.0961342636 -0.013475867 -0.015338456 -0.030843538      -0.018598748
rs783147_a        -0.0577367338 -0.094062970 -0.0664677494  -0.09008438      -0.096134264  1.0000000000 -0.106052428 -0.141499886  0.324292452       0.197707468
rs4252152_g       -0.0074708833 -0.019627253 -0.0071888331  -0.04161593      -0.013475867 -0.1060524279  1.000000000 -0.016899750 -0.026866569      -0.015341621
rs1835346_g       -0.0196614015 -0.014672985 -0.0168268710  -0.04396717      -0.015338456 -0.1414998862 -0.016899750  1.000000000 -0.048328427      -0.034260265
rs4252170_c       -0.0268528061 -0.031719611 -0.0141105401   0.12312816      -0.030843538  0.3242924515 -0.026866569 -0.048328427  1.000000000      -0.058348493
seq_rs117534432_t -0.0048663295 -0.011255900 -0.0156131535   0.07266517      -0.018598748  0.1977074681 -0.015341621 -0.034260265 -0.058348493       1.000000000
rs11753588_a      -0.0024612480 -0.029976215 -0.0296057180  -0.05205048      -0.039391521 -0.2357908073 -0.040950420 -0.052959400 -0.106880115      -0.064647711
seq_rs186418835_a  0.0007566395 -0.009596715 -0.0008542042   0.12368723      -0.005846558  0.0710646307 -0.008335099 -0.008212251  0.214650443      -0.007292898
seq_rs140606700_g -0.0095954482 -0.012948463 -0.0063030689  -0.03252651      -0.009273229  0.0845012835 -0.005302672 -0.008864667  0.197884935      -0.017354026
seq_rs138491411_g -0.0074728397 -0.013906808 -0.0151939183   0.06658925      -0.002955514 -0.0949664963 -0.007704983 -0.020135557 -0.026102510      -0.018246703
rs34371670_t      -0.0126477345 -0.008859379 -0.0153727743  -0.05204166      -0.016535822 -0.1101187783 -0.010515538 -0.017327958 -0.039756458      -0.023564462
rs4709474_g        0.0620415473  0.048365683  0.0642337650   0.05476116      -0.077865690 -0.5966318707 -0.073219410  0.153572440 -0.160848611      -0.156580170
seq_rs145099029_c -0.0042765088 -0.010771636 -0.0061454800  -0.03046013      -0.011022410 -0.0516193565  0.493629770 -0.007494868 -0.013952147      -0.008865029
                  rs11753588_a seq_rs186418835_a seq_rs140606700_g seq_rs138491411_g rs34371670_t   rs4709474_g seq_rs145099029_c
seq_rs183815886_c -0.009582074     -0.0001862272       0.009646423     -0.0006732871 -0.001855819 -0.0281124567       0.386909076
seq_rs143365644_t -0.029250620     -0.0005387744      -0.017356148      0.0979879438 -0.024078733 -0.0798325509      -0.012040144
seq_rs117446263_a -0.031251346     -0.0125146877      -0.015581733     -0.0136626329 -0.016093060  0.0638704697      -0.005515109
rs6916433_t       -0.003211331      0.1239699684      -0.024575812      0.0594641906 -0.043036264 -0.1207440838      -0.022181831
seq_rs182443492_a -0.013537357     -0.0049340864      -0.004635564     -0.0096328891 -0.018376886  0.0460657801      -0.007091643
seq_rs141834709_a -0.020033416     -0.0003695432       0.002161672     -0.0088928271 -0.008655503  0.0095667573      -0.007900001
seq_rs142126734_a -0.024361912     -0.0133630304      -0.013396810     -0.0076650918 -0.020956986 -0.1210442813      -0.010133018
rs41266379_c      -0.041224643     -0.0113655368       0.357227209      0.0040217463 -0.017897916 -0.0978959939      -0.009983473
exm592843_g        0.116696183     -0.0091189688      -0.011674712     -0.0165337715 -0.009270861 -0.0056389094      -0.011300573
seq_rs143461353_t -0.024838553      0.0010792132      -0.012967543     -0.0119336350 -0.018266375  0.0352745386      -0.002666328
rs74617384_t      -0.074169357     -0.0134692934      -0.018504331     -0.0259411824 -0.026232962  0.0782174282      -0.018455872
exm592913_a       -0.001247001      0.0012680294      -0.005043795     -0.0035432968 -0.001958070  0.0244390393      -0.003912414
seq_rs9456551_c    0.183297373     -0.0356464392       0.094330637     -0.0234699354  0.139789246  0.1147319135      -0.039527271
seq_rs140570886_c -0.026923257     -0.0032446049      -0.008643632     -0.0116680913 -0.013217153  0.0766096926      -0.002294184
rs73596816_a      -0.050757093      0.2139405745      -0.008985290      0.1204495613 -0.016838664 -0.0009919204      -0.012494600
exm593016_t       -0.029374938     -0.0060785994      -0.005115111     -0.0087011542 -0.008510375 -0.0546515888      -0.005541573
rs41269876_a      -0.065343705     -0.0070811434      -0.010405669     -0.0156676856 -0.014572524  0.0194283054       0.001836618
rs79246098_c      -0.002461248      0.0007566395      -0.009595448     -0.0074728397 -0.012647735  0.0620415473      -0.004276509
rs77337569_g      -0.029976215     -0.0095967147      -0.012948463     -0.0139068080 -0.008859379  0.0483656828      -0.010771636
rs75274517_a      -0.029605718     -0.0008542042      -0.006303069     -0.0151939183 -0.015372774  0.0642337650      -0.006145480
rs56393506_t      -0.052050476      0.1236872257      -0.032526508      0.0665892542 -0.052041660  0.0547611576      -0.030460126
seq_rs139389770_g -0.039391521     -0.0058465576      -0.009273229     -0.0029555140 -0.016535822 -0.0778656901      -0.011022410
rs783147_a        -0.235790807      0.0710646307       0.084501283     -0.0949664963 -0.110118778 -0.5966318707      -0.051619356
rs4252152_g       -0.040950420     -0.0083350992      -0.005302672     -0.0077049825 -0.010515538 -0.0732194103       0.493629770
rs1835346_g       -0.052959400     -0.0082122511      -0.008864667     -0.0201355571 -0.017327958  0.1535724396      -0.007494868
rs4252170_c       -0.106880115      0.2146504429       0.197884935     -0.0261025096 -0.039756458 -0.1608486112      -0.013952147
seq_rs117534432_t -0.064647711     -0.0072928983      -0.017354026     -0.0182467034 -0.023564462 -0.1565801702      -0.008865029
rs11753588_a       1.000000000     -0.0213802593      -0.027016933     -0.0414381254 -0.049077864  0.2384603780      -0.020590221
seq_rs186418835_a -0.021380259      1.0000000000      -0.008624198     -0.0103284037 -0.004592131 -0.0540191350      -0.005537407
seq_rs140606700_g -0.027016933     -0.0086241980       1.000000000     -0.0020342255 -0.011606106 -0.0754732716      -0.004746826
seq_rs138491411_g -0.041438125     -0.0103284037      -0.002034226      1.0000000000 -0.017628253  0.1020729308      -0.006394614
rs34371670_t      -0.049077864     -0.0045921308      -0.011606106     -0.0176282529  1.000000000  0.1233453926      -0.009365333
rs4709474_g        0.238460378     -0.0540191350      -0.075473272      0.1020729308  0.123345393  1.0000000000      -0.058860891
seq_rs145099029_c -0.020590221     -0.0055374072      -0.004746826     -0.0063946144 -0.009365333 -0.0588608914       1.000000000
Length  Class   Mode 
     1    IVW     S4 

Inverse-variance weighted method
(variants correlated, random-effect model)

Number of Variants : 34 

------------------------------------------------------------------
 Method Estimate Std Error 95% CI       p-value
    IVW    0.000     0.000 0.000, 0.000   0.072
------------------------------------------------------------------
Residual standard error =  1.050 
Heterogeneity test statistic = 36.4019 on 33 degrees of freedom, (p-value = 0.3133)
          beta           se           lci          uci          p
1 5.592557e-06 2.958593e-06 -4.267456e-07 1.161186e-05 0.06753042
No documentation for ‘MendelianRandomization’ in specified packages and libraries:
you could try ‘??MendelianRandomization’
      SNP exposure.beta exposure.se outcome.beta outcome.se
1   snp_1        18.969       2.507    -6.29e-04   0.000810
2   snp_2        -3.766       0.685     8.95e-06   0.000310
3   snp_3        19.609       0.835     7.74e-05   0.000335
4   snp_4        -4.056       0.364    -9.72e-05   0.000158
5   snp_5        36.350       1.353    -4.39e-04   0.000524
6   snp_6        22.031       1.312    -2.75e-04   0.000611
7   snp_7         4.922       0.577    -1.89e-04   0.000235
8   snp_8         8.534       0.884    -2.55e-04   0.000408
9   snp_9       -12.433       0.867    -1.25e-04   0.000367
10 snp_10         8.260       1.417     1.46e-04   0.000579
11 snp_11        46.219       0.403     2.93e-04   0.000192
12 snp_12       -12.792       4.136    -1.23e-03   0.001240
13 snp_13        -5.902       0.259    -1.32e-04   0.000110
14 snp_14        71.616       1.141     9.80e-04   0.000429
15 snp_15        22.077       0.685    -1.63e-04   0.000292
16 snp_16       -12.754       1.200    -7.25e-04   0.000507
17 snp_17       -10.500       0.745    -7.03e-04   0.000321
18 snp_18         0.882       1.259     7.62e-04   0.000602
19 snp_19        -2.209       1.101     1.06e-04   0.000510
20 snp_20         1.395       1.248    -6.29e-04   0.000482
21 snp_21        27.868       0.296     2.18e-05   0.000141
22 snp_22         5.465       1.203    -7.77e-04   0.000505
23 snp_23        -7.334       0.248     5.36e-06   0.000105
24 snp_24         8.498       1.128    -4.66e-04   0.000564
25 snp_25        10.419       0.834    -1.20e-04   0.000341
26 snp_26         4.185       0.458    -1.08e-04   0.000193
27 snp_27         2.573       0.671     8.08e-05   0.000289
28 snp_28        -5.918       0.399    -1.40e-04   0.000166
29 snp_29         3.008       2.170    -1.07e-03   0.001052
30 snp_30         7.308       1.527    -6.81e-04   0.000763
31 snp_31         7.202       1.181     1.34e-04   0.000508
32 snp_32       -10.955       0.977     1.26e-03   0.000407
33 snp_33         4.943       0.248    -3.12e-05   0.000105
34 snp_34        21.769       2.199    -5.63e-04   0.000803
    chr       pos A1 A2         Beta          SE         variantID            snp        chr.pos a1 a2              beta                se
 1:   6 160720804  C  G -6.29126e-04 0.000809812 seq_rs183815886_c chr6:160720804 chr6:160720804  C  G  18.9689262274161  2.50710184918448
 2:   6 160825930  T  A  8.95098e-06 0.000310065 seq_rs143365644_t chr6:160825930 chr6:160825930  T  A -3.76603883112331 0.685326358808503
 3:   6 160847571  A  G  7.74113e-05 0.000335472 seq_rs117446263_a chr6:160847571 chr6:160847571  A  G  19.6085135772232 0.835219519779822
 4:   6 160890350  T  A -9.72253e-05 0.000158102       rs6916433_t chr6:160890350 chr6:160890350  T  A -4.05618654586266 0.363682289859418
 5:   6 160891897  A  C -4.39155e-04 0.000523522 seq_rs182443492_a chr6:160891897 chr6:160891897  A  C  36.3497754457247  1.35300484373747
 6:   6 160909667  A  T -2.75092e-04 0.000611407 seq_rs141834709_a chr6:160909667 chr6:160909667  A  T  22.0308552901395  1.31185582753778
 7:   6 160942926  A  G -1.89247e-04 0.000235329 seq_rs142126734_a chr6:160942926 chr6:160942926  A  G  4.92215513858858 0.577366163425847
 8:   6 160953137  C  T -2.54508e-04 0.000407906      rs41266379_c chr6:160953137 chr6:160953137  C  T  8.53416680393088 0.884400001527074
 9:   6 160953642  G  A -1.24697e-04 0.000367079       exm592843_g chr6:160953642 chr6:160953642  G  A -12.4326051378519 0.866623458453147
10:   6 160954800  T  C  1.46044e-04 0.000578930 seq_rs143461353_t chr6:160954800 chr6:160954800  T  C  8.25987920124371  1.41726054185073
11:   6 160997118  T  A  2.92857e-04 0.000191778      rs74617384_t chr6:160997118 chr6:160997118  T  A  46.2185772552198 0.403126463436428
12:   6 160998199  A  G -1.22659e-03 0.001239640       exm592913_a chr6:160998199 chr6:160998199  A  G -12.7924856530873  4.13637118166807
13:   6 161012805  C  T -1.32062e-04 0.000110310   seq_rs9456551_c chr6:161012805 chr6:161012805  C  T -5.90225288620077 0.259150372619178
14:   6 161013013  C  T  9.80028e-04 0.000428573 seq_rs140570886_c chr6:161013013 chr6:161013013  C  T  71.6158004357693  1.14141604063541
15:   6 161017363  A  G -1.62610e-04 0.000291642      rs73596816_a chr6:161017363 chr6:161017363  A  G  22.0769750883295 0.685489069178105
16:   6 161022107  T  C -7.25309e-04 0.000506642       exm593016_t chr6:161022107 chr6:161022107  T  C -12.7543119851168  1.20024381873971
17:   6 161070653  A  C -7.03450e-04 0.000320871      rs41269876_a chr6:161070653 chr6:161070653  A  C -10.4998787466319  0.74460406850591
18:   6 161078894  C  T  7.61644e-04 0.000601925      rs79246098_c chr6:161078894 chr6:161078894  C  T 0.881685794826935  1.25920515982802
19:   6 161087652  G  T  1.06055e-04 0.000510105      rs77337569_g chr6:161087652 chr6:161087652  G  T   -2.208611278092  1.10086456541197
20:   6 161088956  A  G -6.29024e-04 0.000481819      rs75274517_a chr6:161088956 chr6:161088956  A  G  1.39473456396968  1.24835216326831
21:   6 161089307  T  C  2.18030e-05 0.000141122      rs56393506_t chr6:161089307 chr6:161089307  T  C  27.8681877749948  0.29571312172746
22:   6 161135746  G  T -7.76557e-04 0.000504934 seq_rs139389770_g chr6:161135746 chr6:161135746  G  T  5.46493110766427   1.2025632859872
23:   6 161137990  A  G  5.35743e-06 0.000105181        rs783147_a chr6:161137990 chr6:161137990  A  G -7.33412229978899 0.247857717355374
24:   6 161159366  G  T -4.65894e-04 0.000564461       rs4252152_g chr6:161159366 chr6:161159366  G  T  8.49792004653925  1.12774921879208
25:   6 161162290  G  A -1.19597e-04 0.000341395       rs1835346_g chr6:161162290 chr6:161162290  G  A  10.4190768724136 0.833663402213509
26:   6 161162406  C  T -1.07743e-04 0.000193227       rs4252170_c chr6:161162406 chr6:161162406  C  T  4.18469706125762 0.457954734620949
27:   6 161177443  T  C  8.07615e-05 0.000288746 seq_rs117534432_t chr6:161177443 chr6:161177443  T  C  2.57314505002784 0.671460735709842
28:   6 161189071  A  G -1.40112e-04 0.000166463      rs11753588_a chr6:161189071 chr6:161189071  A  G -5.91792893835113 0.398596136785047
29:   6 161214526  A  G -1.07063e-03 0.001052390 seq_rs186418835_a chr6:161214526 chr6:161214526  A  G  3.00833829123796  2.16981420956873
30:   6 161250301  G  A -6.81020e-04 0.000762779 seq_rs140606700_g chr6:161250301 chr6:161250301  G  A  7.30832684512405  1.52703569590229
31:   6 161251940  G  A  1.34224e-04 0.000507555 seq_rs138491411_g chr6:161251940 chr6:161251940  G  A  7.20177430695457  1.18058297559398
32:   6 161257953  T  C  1.25673e-03 0.000407122      rs34371670_t chr6:161257953 chr6:161257953  T  C -10.9548672529025 0.976815710291315
33:   6 161285760  G  A -3.11746e-05 0.000104655       rs4709474_g chr6:161285760 chr6:161285760  G  A  4.94338837625671 0.247888919032071
34:   6 161292838  C  A -5.63409e-04 0.000803500 seq_rs145099029_c chr6:161292838 chr6:161292838  C  A  21.7691021848519  2.19907565804666
    chr       pos A1 A2         Beta          SE         variantID            snp        chr.pos a1 a2              beta                se
    chr       pos A1 A2         Beta          SE         variantID            snp        chr.pos a1 a2              beta                se
 1:   6 161070653  A  C -7.03450e-04 0.000320871      rs41269876_a chr6:161070653 chr6:161070653  A  C -10.4998787466319  0.74460406850591
 2:   6 161257953  T  C  1.25673e-03 0.000407122      rs34371670_t chr6:161257953 chr6:161257953  T  C -10.9548672529025 0.976815710291315
 3:   6 160953642  G  A -1.24697e-04 0.000367079       exm592843_g chr6:160953642 chr6:160953642  G  A -12.4326051378519 0.866623458453147
 4:   6 161022107  T  C -7.25309e-04 0.000506642       exm593016_t chr6:161022107 chr6:161022107  T  C -12.7543119851168  1.20024381873971
 5:   6 160998199  A  G -1.22659e-03 0.001239640       exm592913_a chr6:160998199 chr6:160998199  A  G -12.7924856530873  4.13637118166807
 6:   6 161087652  G  T  1.06055e-04 0.000510105      rs77337569_g chr6:161087652 chr6:161087652  G  T   -2.208611278092  1.10086456541197
 7:   6 160825930  T  A  8.95098e-06 0.000310065 seq_rs143365644_t chr6:160825930 chr6:160825930  T  A -3.76603883112331 0.685326358808503
 8:   6 160890350  T  A -9.72253e-05 0.000158102       rs6916433_t chr6:160890350 chr6:160890350  T  A -4.05618654586266 0.363682289859418
 9:   6 161012805  C  T -1.32062e-04 0.000110310   seq_rs9456551_c chr6:161012805 chr6:161012805  C  T -5.90225288620077 0.259150372619178
10:   6 161189071  A  G -1.40112e-04 0.000166463      rs11753588_a chr6:161189071 chr6:161189071  A  G -5.91792893835113 0.398596136785047
11:   6 161137990  A  G  5.35743e-06 0.000105181        rs783147_a chr6:161137990 chr6:161137990  A  G -7.33412229978899 0.247857717355374
12:   6 161078894  C  T  7.61644e-04 0.000601925      rs79246098_c chr6:161078894 chr6:161078894  C  T 0.881685794826935  1.25920515982802
13:   6 161088956  A  G -6.29024e-04 0.000481819      rs75274517_a chr6:161088956 chr6:161088956  A  G  1.39473456396968  1.24835216326831
14:   6 161162290  G  A -1.19597e-04 0.000341395       rs1835346_g chr6:161162290 chr6:161162290  G  A  10.4190768724136 0.833663402213509
15:   6 160720804  C  G -6.29126e-04 0.000809812 seq_rs183815886_c chr6:160720804 chr6:160720804  C  G  18.9689262274161  2.50710184918448
16:   6 160847571  A  G  7.74113e-05 0.000335472 seq_rs117446263_a chr6:160847571 chr6:160847571  A  G  19.6085135772232 0.835219519779822
17:   6 161177443  T  C  8.07615e-05 0.000288746 seq_rs117534432_t chr6:161177443 chr6:161177443  T  C  2.57314505002784 0.671460735709842
18:   6 161292838  C  A -5.63409e-04 0.000803500 seq_rs145099029_c chr6:161292838 chr6:161292838  C  A  21.7691021848519  2.19907565804666
19:   6 160909667  A  T -2.75092e-04 0.000611407 seq_rs141834709_a chr6:160909667 chr6:160909667  A  T  22.0308552901395  1.31185582753778
20:   6 161017363  A  G -1.62610e-04 0.000291642      rs73596816_a chr6:161017363 chr6:161017363  A  G  22.0769750883295 0.685489069178105
21:   6 161089307  T  C  2.18030e-05 0.000141122      rs56393506_t chr6:161089307 chr6:161089307  T  C  27.8681877749948  0.29571312172746
22:   6 161214526  A  G -1.07063e-03 0.001052390 seq_rs186418835_a chr6:161214526 chr6:161214526  A  G  3.00833829123796  2.16981420956873
23:   6 160891897  A  C -4.39155e-04 0.000523522 seq_rs182443492_a chr6:160891897 chr6:160891897  A  C  36.3497754457247  1.35300484373747
24:   6 161162406  C  T -1.07743e-04 0.000193227       rs4252170_c chr6:161162406 chr6:161162406  C  T  4.18469706125762 0.457954734620949
25:   6 160942926  A  G -1.89247e-04 0.000235329 seq_rs142126734_a chr6:160942926 chr6:160942926  A  G  4.92215513858858 0.577366163425847
26:   6 161285760  G  A -3.11746e-05 0.000104655       rs4709474_g chr6:161285760 chr6:161285760  G  A  4.94338837625671 0.247888919032071
27:   6 160997118  T  A  2.92857e-04 0.000191778      rs74617384_t chr6:160997118 chr6:160997118  T  A  46.2185772552198 0.403126463436428
28:   6 161135746  G  T -7.76557e-04 0.000504934 seq_rs139389770_g chr6:161135746 chr6:161135746  G  T  5.46493110766427   1.2025632859872
29:   6 161251940  G  A  1.34224e-04 0.000507555 seq_rs138491411_g chr6:161251940 chr6:161251940  G  A  7.20177430695457  1.18058297559398
30:   6 161250301  G  A -6.81020e-04 0.000762779 seq_rs140606700_g chr6:161250301 chr6:161250301  G  A  7.30832684512405  1.52703569590229
31:   6 161013013  C  T  9.80028e-04 0.000428573 seq_rs140570886_c chr6:161013013 chr6:161013013  C  T  71.6158004357693  1.14141604063541
32:   6 160954800  T  C  1.46044e-04 0.000578930 seq_rs143461353_t chr6:160954800 chr6:160954800  T  C  8.25987920124371  1.41726054185073
33:   6 161159366  G  T -4.65894e-04 0.000564461       rs4252152_g chr6:161159366 chr6:161159366  G  T  8.49792004653925  1.12774921879208
34:   6 160953137  C  T -2.54508e-04 0.000407906      rs41266379_c chr6:160953137 chr6:160953137  C  T  8.53416680393088 0.884400001527074
    chr       pos A1 A2         Beta          SE         variantID            snp        chr.pos a1 a2              beta                se
    chr       pos A1 A2         Beta          SE         variantID            snp        chr.pos a1 a2              beta                se
 1:   6 160998199  A  G -1.22659e-03 0.001239640       exm592913_a chr6:160998199 chr6:160998199  A  G -12.7924856530873  4.13637118166807
 2:   6 161022107  T  C -7.25309e-04 0.000506642       exm593016_t chr6:161022107 chr6:161022107  T  C -12.7543119851168  1.20024381873971
 3:   6 160953642  G  A -1.24697e-04 0.000367079       exm592843_g chr6:160953642 chr6:160953642  G  A -12.4326051378519 0.866623458453147
 4:   6 161257953  T  C  1.25673e-03 0.000407122      rs34371670_t chr6:161257953 chr6:161257953  T  C -10.9548672529025 0.976815710291315
 5:   6 161070653  A  C -7.03450e-04 0.000320871      rs41269876_a chr6:161070653 chr6:161070653  A  C -10.4998787466319  0.74460406850591
 6:   6 161137990  A  G  5.35743e-06 0.000105181        rs783147_a chr6:161137990 chr6:161137990  A  G -7.33412229978899 0.247857717355374
 7:   6 161189071  A  G -1.40112e-04 0.000166463      rs11753588_a chr6:161189071 chr6:161189071  A  G -5.91792893835113 0.398596136785047
 8:   6 161012805  C  T -1.32062e-04 0.000110310   seq_rs9456551_c chr6:161012805 chr6:161012805  C  T -5.90225288620077 0.259150372619178
 9:   6 160890350  T  A -9.72253e-05 0.000158102       rs6916433_t chr6:160890350 chr6:160890350  T  A -4.05618654586266 0.363682289859418
10:   6 160825930  T  A  8.95098e-06 0.000310065 seq_rs143365644_t chr6:160825930 chr6:160825930  T  A -3.76603883112331 0.685326358808503
11:   6 161087652  G  T  1.06055e-04 0.000510105      rs77337569_g chr6:161087652 chr6:161087652  G  T   -2.208611278092  1.10086456541197
12:   6 161078894  C  T  7.61644e-04 0.000601925      rs79246098_c chr6:161078894 chr6:161078894  C  T 0.881685794826935  1.25920515982802
13:   6 161088956  A  G -6.29024e-04 0.000481819      rs75274517_a chr6:161088956 chr6:161088956  A  G  1.39473456396968  1.24835216326831
14:   6 161177443  T  C  8.07615e-05 0.000288746 seq_rs117534432_t chr6:161177443 chr6:161177443  T  C  2.57314505002784 0.671460735709842
15:   6 161214526  A  G -1.07063e-03 0.001052390 seq_rs186418835_a chr6:161214526 chr6:161214526  A  G  3.00833829123796  2.16981420956873
16:   6 161162406  C  T -1.07743e-04 0.000193227       rs4252170_c chr6:161162406 chr6:161162406  C  T  4.18469706125762 0.457954734620949
17:   6 160942926  A  G -1.89247e-04 0.000235329 seq_rs142126734_a chr6:160942926 chr6:160942926  A  G  4.92215513858858 0.577366163425847
18:   6 161285760  G  A -3.11746e-05 0.000104655       rs4709474_g chr6:161285760 chr6:161285760  G  A  4.94338837625671 0.247888919032071
19:   6 161135746  G  T -7.76557e-04 0.000504934 seq_rs139389770_g chr6:161135746 chr6:161135746  G  T  5.46493110766427   1.2025632859872
20:   6 161251940  G  A  1.34224e-04 0.000507555 seq_rs138491411_g chr6:161251940 chr6:161251940  G  A  7.20177430695457  1.18058297559398
21:   6 161250301  G  A -6.81020e-04 0.000762779 seq_rs140606700_g chr6:161250301 chr6:161250301  G  A  7.30832684512405  1.52703569590229
22:   6 160954800  T  C  1.46044e-04 0.000578930 seq_rs143461353_t chr6:160954800 chr6:160954800  T  C  8.25987920124371  1.41726054185073
23:   6 161159366  G  T -4.65894e-04 0.000564461       rs4252152_g chr6:161159366 chr6:161159366  G  T  8.49792004653925  1.12774921879208
24:   6 160953137  C  T -2.54508e-04 0.000407906      rs41266379_c chr6:160953137 chr6:160953137  C  T  8.53416680393088 0.884400001527074
25:   6 161162290  G  A -1.19597e-04 0.000341395       rs1835346_g chr6:161162290 chr6:161162290  G  A  10.4190768724136 0.833663402213509
26:   6 160720804  C  G -6.29126e-04 0.000809812 seq_rs183815886_c chr6:160720804 chr6:160720804  C  G  18.9689262274161  2.50710184918448
27:   6 160847571  A  G  7.74113e-05 0.000335472 seq_rs117446263_a chr6:160847571 chr6:160847571  A  G  19.6085135772232 0.835219519779822
28:   6 161292838  C  A -5.63409e-04 0.000803500 seq_rs145099029_c chr6:161292838 chr6:161292838  C  A  21.7691021848519  2.19907565804666
29:   6 160909667  A  T -2.75092e-04 0.000611407 seq_rs141834709_a chr6:160909667 chr6:160909667  A  T  22.0308552901395  1.31185582753778
30:   6 161017363  A  G -1.62610e-04 0.000291642      rs73596816_a chr6:161017363 chr6:161017363  A  G  22.0769750883295 0.685489069178105
31:   6 161089307  T  C  2.18030e-05 0.000141122      rs56393506_t chr6:161089307 chr6:161089307  T  C  27.8681877749948  0.29571312172746
32:   6 160891897  A  C -4.39155e-04 0.000523522 seq_rs182443492_a chr6:160891897 chr6:160891897  A  C  36.3497754457247  1.35300484373747
33:   6 160997118  T  A  2.92857e-04 0.000191778      rs74617384_t chr6:160997118 chr6:160997118  T  A  46.2185772552198 0.403126463436428
34:   6 161013013  C  T  9.80028e-04 0.000428573 seq_rs140570886_c chr6:161013013 chr6:161013013  C  T  71.6158004357693  1.14141604063541
    chr       pos A1 A2         Beta          SE         variantID            snp        chr.pos a1 a2              beta                se

Inverse-variance weighted method
(variants correlated, random-effect model)

Number of Variants : 34 

------------------------------------------------------------------
 Method Estimate Std Error 95% CI       p-value
    IVW    0.000     0.000 0.000, 0.000   0.072
------------------------------------------------------------------
Residual standard error =  1.050 
Heterogeneity test statistic = 36.4019 on 33 degrees of freedom, (p-value = 0.3133)
    chr       pos A1 A2         Beta          SE         variantID            snp        chr.pos a1 a2              beta                se
 1:   6 160998199  A  G -1.22659e-03 0.001239640       exm592913_a chr6:160998199 chr6:160998199  A  G -12.7924856530873  4.13637118166807
 2:   6 161022107  T  C -7.25309e-04 0.000506642       exm593016_t chr6:161022107 chr6:161022107  T  C -12.7543119851168  1.20024381873971
 3:   6 160953642  G  A -1.24697e-04 0.000367079       exm592843_g chr6:160953642 chr6:160953642  G  A -12.4326051378519 0.866623458453147
 4:   6 161257953  T  C  1.25673e-03 0.000407122      rs34371670_t chr6:161257953 chr6:161257953  T  C -10.9548672529025 0.976815710291315
 5:   6 161070653  A  C -7.03450e-04 0.000320871      rs41269876_a chr6:161070653 chr6:161070653  A  C -10.4998787466319  0.74460406850591
 6:   6 161137990  A  G  5.35743e-06 0.000105181        rs783147_a chr6:161137990 chr6:161137990  A  G -7.33412229978899 0.247857717355374
 7:   6 161189071  A  G -1.40112e-04 0.000166463      rs11753588_a chr6:161189071 chr6:161189071  A  G -5.91792893835113 0.398596136785047
 8:   6 161012805  C  T -1.32062e-04 0.000110310   seq_rs9456551_c chr6:161012805 chr6:161012805  C  T -5.90225288620077 0.259150372619178
 9:   6 160890350  T  A -9.72253e-05 0.000158102       rs6916433_t chr6:160890350 chr6:160890350  T  A -4.05618654586266 0.363682289859418
10:   6 160825930  T  A  8.95098e-06 0.000310065 seq_rs143365644_t chr6:160825930 chr6:160825930  T  A -3.76603883112331 0.685326358808503
11:   6 161087652  G  T  1.06055e-04 0.000510105      rs77337569_g chr6:161087652 chr6:161087652  G  T   -2.208611278092  1.10086456541197
12:   6 161078894  C  T  7.61644e-04 0.000601925      rs79246098_c chr6:161078894 chr6:161078894  C  T 0.881685794826935  1.25920515982802
13:   6 161088956  A  G -6.29024e-04 0.000481819      rs75274517_a chr6:161088956 chr6:161088956  A  G  1.39473456396968  1.24835216326831
14:   6 161177443  T  C  8.07615e-05 0.000288746 seq_rs117534432_t chr6:161177443 chr6:161177443  T  C  2.57314505002784 0.671460735709842
15:   6 161214526  A  G -1.07063e-03 0.001052390 seq_rs186418835_a chr6:161214526 chr6:161214526  A  G  3.00833829123796  2.16981420956873
16:   6 161162406  C  T -1.07743e-04 0.000193227       rs4252170_c chr6:161162406 chr6:161162406  C  T  4.18469706125762 0.457954734620949
17:   6 160942926  A  G -1.89247e-04 0.000235329 seq_rs142126734_a chr6:160942926 chr6:160942926  A  G  4.92215513858858 0.577366163425847
18:   6 161285760  G  A -3.11746e-05 0.000104655       rs4709474_g chr6:161285760 chr6:161285760  G  A  4.94338837625671 0.247888919032071
19:   6 161135746  G  T -7.76557e-04 0.000504934 seq_rs139389770_g chr6:161135746 chr6:161135746  G  T  5.46493110766427   1.2025632859872
20:   6 161251940  G  A  1.34224e-04 0.000507555 seq_rs138491411_g chr6:161251940 chr6:161251940  G  A  7.20177430695457  1.18058297559398
21:   6 161250301  G  A -6.81020e-04 0.000762779 seq_rs140606700_g chr6:161250301 chr6:161250301  G  A  7.30832684512405  1.52703569590229
22:   6 160954800  T  C  1.46044e-04 0.000578930 seq_rs143461353_t chr6:160954800 chr6:160954800  T  C  8.25987920124371  1.41726054185073
23:   6 161159366  G  T -4.65894e-04 0.000564461       rs4252152_g chr6:161159366 chr6:161159366  G  T  8.49792004653925  1.12774921879208
24:   6 160953137  C  T -2.54508e-04 0.000407906      rs41266379_c chr6:160953137 chr6:160953137  C  T  8.53416680393088 0.884400001527074
25:   6 161162290  G  A -1.19597e-04 0.000341395       rs1835346_g chr6:161162290 chr6:161162290  G  A  10.4190768724136 0.833663402213509
26:   6 160720804  C  G -6.29126e-04 0.000809812 seq_rs183815886_c chr6:160720804 chr6:160720804  C  G  18.9689262274161  2.50710184918448
27:   6 160847571  A  G  7.74113e-05 0.000335472 seq_rs117446263_a chr6:160847571 chr6:160847571  A  G  19.6085135772232 0.835219519779822
28:   6 161292838  C  A -5.63409e-04 0.000803500 seq_rs145099029_c chr6:161292838 chr6:161292838  C  A  21.7691021848519  2.19907565804666
29:   6 160909667  A  T -2.75092e-04 0.000611407 seq_rs141834709_a chr6:160909667 chr6:160909667  A  T  22.0308552901395  1.31185582753778
30:   6 161017363  A  G -1.62610e-04 0.000291642      rs73596816_a chr6:161017363 chr6:161017363  A  G  22.0769750883295 0.685489069178105
31:   6 161089307  T  C  2.18030e-05 0.000141122      rs56393506_t chr6:161089307 chr6:161089307  T  C  27.8681877749948  0.29571312172746
32:   6 160891897  A  C -4.39155e-04 0.000523522 seq_rs182443492_a chr6:160891897 chr6:160891897  A  C  36.3497754457247  1.35300484373747
33:   6 160997118  T  A  2.92857e-04 0.000191778      rs74617384_t chr6:160997118 chr6:160997118  T  A  46.2185772552198 0.403126463436428
34:   6 161013013  C  T  9.80028e-04 0.000428573 seq_rs140570886_c chr6:161013013 chr6:161013013  C  T  71.6158004357693  1.14141604063541
    chr       pos A1 A2         Beta          SE         variantID            snp        chr.pos a1 a2              beta                se

Inverse-variance weighted method
(variants correlated, random-effect model)

Number of Variants : 34 

------------------------------------------------------------------
 Method Estimate Std Error 95% CI       p-value
    IVW    0.000     0.000 0.000, 0.000   0.072
------------------------------------------------------------------
Residual standard error =  1.050 
Heterogeneity test statistic = 36.4019 on 33 degrees of freedom, (p-value = 0.3133)
